INFO: 30/06/17 17:53:37 pid:1 module:extension Configuring CORS with resources: {'/*': {'send_wildcard': False, 'supports_credentials': False, 'origins': ['.*'], 'intercept_exceptions': True, 'allow_headers': ['.*'], 'resources': {'/*': {'origins': '*'}}, 'automatic_options': True, 'vary_header': True, 'methods': 'DELETE, GET, HEAD, OPTIONS, PATCH, POST, PUT', 'headers': ['Content-Type', 'X-Requested-With', 'Authorization']}}
INFO: 30/06/17 17:55:33 pid:1 module:extension Configuring CORS with resources: {'/*': {'automatic_options': True, 'send_wildcard': False, 'intercept_exceptions': True, 'supports_credentials': False, 'headers': ['Content-Type', 'X-Requested-With', 'Authorization'], 'resources': {'/*': {'origins': '*'}}, 'allow_headers': ['.*'], 'vary_header': True, 'methods': 'DELETE, GET, HEAD, OPTIONS, PATCH, POST, PUT', 'origins': ['.*']}}
INFO: 30/06/17 17:55:33 pid:1 module:_internal  * Running on http://0.0.0.0:5000/ (Press CTRL+C to quit)
INFO: 30/06/17 17:55:33 pid:1 module:_internal  * Restarting with stat
INFO: 30/06/17 17:55:35 pid:7 module:extension Configuring CORS with resources: {'/*': {'methods': 'DELETE, GET, HEAD, OPTIONS, PATCH, POST, PUT', 'resources': {'/*': {'origins': '*'}}, 'vary_header': True, 'allow_headers': ['.*'], 'automatic_options': True, 'supports_credentials': False, 'send_wildcard': False, 'intercept_exceptions': True, 'headers': ['Content-Type', 'X-Requested-With', 'Authorization'], 'origins': ['.*']}}
DEBUG: 30/06/17 17:55:41 pid:7 module:core Request to '/' matches CORS resource '/*'. Using options: {'methods': 'DELETE, GET, HEAD, OPTIONS, PATCH, POST, PUT', 'resources': {'/*': {'origins': '*'}}, 'vary_header': True, 'allow_headers': ['.*'], 'automatic_options': True, 'supports_credentials': False, 'send_wildcard': False, 'intercept_exceptions': True, 'headers': ['Content-Type', 'X-Requested-With', 'Authorization'], 'origins': ['.*']}
DEBUG: 30/06/17 17:55:41 pid:7 module:core 'Origin' header was not set, which means CORS was not requested, skipping
DEBUG: 30/06/17 17:55:41 pid:7 module:core Settings CORS headers: MultiDict([])
DEBUG: 30/06/17 17:55:41 pid:7 module:core Request to '/' matches CORS resource '/*'. Using options: {'methods': 'DELETE, GET, HEAD, OPTIONS, PATCH, POST, PUT', 'resources': {'/*': {'origins': '*'}}, 'vary_header': True, 'allow_headers': ['.*'], 'automatic_options': True, 'supports_credentials': False, 'send_wildcard': False, 'intercept_exceptions': True, 'headers': ['Content-Type', 'X-Requested-With', 'Authorization'], 'origins': ['.*']}
DEBUG: 30/06/17 17:55:41 pid:7 module:core 'Origin' header was not set, which means CORS was not requested, skipping
DEBUG: 30/06/17 17:55:41 pid:7 module:core Settings CORS headers: MultiDict([])
INFO: 30/06/17 17:55:41 pid:7 module:_internal 172.17.0.1 - - [30/Jun/2017 17:55:41] "GET / HTTP/1.1" 404 -
DEBUG: 30/06/17 17:55:42 pid:7 module:core Request to '/favicon.ico' matches CORS resource '/*'. Using options: {'methods': 'DELETE, GET, HEAD, OPTIONS, PATCH, POST, PUT', 'resources': {'/*': {'origins': '*'}}, 'vary_header': True, 'allow_headers': ['.*'], 'automatic_options': True, 'supports_credentials': False, 'send_wildcard': False, 'intercept_exceptions': True, 'headers': ['Content-Type', 'X-Requested-With', 'Authorization'], 'origins': ['.*']}
DEBUG: 30/06/17 17:55:42 pid:7 module:core 'Origin' header was not set, which means CORS was not requested, skipping
DEBUG: 30/06/17 17:55:42 pid:7 module:core Settings CORS headers: MultiDict([])
DEBUG: 30/06/17 17:55:42 pid:7 module:core Request to '/favicon.ico' matches CORS resource '/*'. Using options: {'methods': 'DELETE, GET, HEAD, OPTIONS, PATCH, POST, PUT', 'resources': {'/*': {'origins': '*'}}, 'vary_header': True, 'allow_headers': ['.*'], 'automatic_options': True, 'supports_credentials': False, 'send_wildcard': False, 'intercept_exceptions': True, 'headers': ['Content-Type', 'X-Requested-With', 'Authorization'], 'origins': ['.*']}
DEBUG: 30/06/17 17:55:42 pid:7 module:core 'Origin' header was not set, which means CORS was not requested, skipping
DEBUG: 30/06/17 17:55:42 pid:7 module:core Settings CORS headers: MultiDict([])
INFO: 30/06/17 17:55:42 pid:7 module:_internal 172.17.0.1 - - [30/Jun/2017 17:55:42] "GET /favicon.ico HTTP/1.1" 404 -
DEBUG: 30/06/17 17:55:44 pid:7 module:core Request to '/' matches CORS resource '/*'. Using options: {'methods': 'DELETE, GET, HEAD, OPTIONS, PATCH, POST, PUT', 'resources': {'/*': {'origins': '*'}}, 'vary_header': True, 'allow_headers': ['.*'], 'automatic_options': True, 'supports_credentials': False, 'send_wildcard': False, 'intercept_exceptions': True, 'headers': ['Content-Type', 'X-Requested-With', 'Authorization'], 'origins': ['.*']}
DEBUG: 30/06/17 17:55:44 pid:7 module:core 'Origin' header was not set, which means CORS was not requested, skipping
DEBUG: 30/06/17 17:55:44 pid:7 module:core Settings CORS headers: MultiDict([])
DEBUG: 30/06/17 17:55:44 pid:7 module:core Request to '/' matches CORS resource '/*'. Using options: {'methods': 'DELETE, GET, HEAD, OPTIONS, PATCH, POST, PUT', 'resources': {'/*': {'origins': '*'}}, 'vary_header': True, 'allow_headers': ['.*'], 'automatic_options': True, 'supports_credentials': False, 'send_wildcard': False, 'intercept_exceptions': True, 'headers': ['Content-Type', 'X-Requested-With', 'Authorization'], 'origins': ['.*']}
DEBUG: 30/06/17 17:55:44 pid:7 module:core 'Origin' header was not set, which means CORS was not requested, skipping
DEBUG: 30/06/17 17:55:44 pid:7 module:core Settings CORS headers: MultiDict([])
INFO: 30/06/17 17:55:44 pid:7 module:_internal 172.17.0.1 - - [30/Jun/2017 17:55:44] "GET / HTTP/1.1" 404 -
DEBUG: 30/06/17 17:55:46 pid:7 module:core Request to '/' matches CORS resource '/*'. Using options: {'methods': 'DELETE, GET, HEAD, OPTIONS, PATCH, POST, PUT', 'resources': {'/*': {'origins': '*'}}, 'vary_header': True, 'allow_headers': ['.*'], 'automatic_options': True, 'supports_credentials': False, 'send_wildcard': False, 'intercept_exceptions': True, 'headers': ['Content-Type', 'X-Requested-With', 'Authorization'], 'origins': ['.*']}
DEBUG: 30/06/17 17:55:46 pid:7 module:core 'Origin' header was not set, which means CORS was not requested, skipping
DEBUG: 30/06/17 17:55:46 pid:7 module:core Settings CORS headers: MultiDict([])
DEBUG: 30/06/17 17:55:46 pid:7 module:core Request to '/' matches CORS resource '/*'. Using options: {'methods': 'DELETE, GET, HEAD, OPTIONS, PATCH, POST, PUT', 'resources': {'/*': {'origins': '*'}}, 'vary_header': True, 'allow_headers': ['.*'], 'automatic_options': True, 'supports_credentials': False, 'send_wildcard': False, 'intercept_exceptions': True, 'headers': ['Content-Type', 'X-Requested-With', 'Authorization'], 'origins': ['.*']}
DEBUG: 30/06/17 17:55:46 pid:7 module:core 'Origin' header was not set, which means CORS was not requested, skipping
DEBUG: 30/06/17 17:55:46 pid:7 module:core Settings CORS headers: MultiDict([])
INFO: 30/06/17 17:55:46 pid:7 module:_internal 172.17.0.1 - - [30/Jun/2017 17:55:46] "GET / HTTP/1.1" 404 -
DEBUG: 30/06/17 17:56:22 pid:7 module:core Request to '/oauth2-server/routes' matches CORS resource '/*'. Using options: {'methods': 'DELETE, GET, HEAD, OPTIONS, PATCH, POST, PUT', 'resources': {'/*': {'origins': '*'}}, 'vary_header': True, 'allow_headers': ['.*'], 'automatic_options': True, 'supports_credentials': False, 'send_wildcard': False, 'intercept_exceptions': True, 'headers': ['Content-Type', 'X-Requested-With', 'Authorization'], 'origins': ['.*']}
DEBUG: 30/06/17 17:56:22 pid:7 module:core 'Origin' header was not set, which means CORS was not requested, skipping
DEBUG: 30/06/17 17:56:22 pid:7 module:core Settings CORS headers: MultiDict([])
INFO: 30/06/17 17:56:22 pid:7 module:_internal 172.17.0.1 - - [30/Jun/2017 17:56:22] "GET /oauth2-server/routes HTTP/1.1" 200 -
DEBUG: 30/06/17 17:56:22 pid:7 module:core Request to '/' matches CORS resource '/*'. Using options: {'methods': 'DELETE, GET, HEAD, OPTIONS, PATCH, POST, PUT', 'resources': {'/*': {'origins': '*'}}, 'vary_header': True, 'allow_headers': ['.*'], 'automatic_options': True, 'supports_credentials': False, 'send_wildcard': False, 'intercept_exceptions': True, 'headers': ['Content-Type', 'X-Requested-With', 'Authorization'], 'origins': ['.*']}
DEBUG: 30/06/17 17:56:22 pid:7 module:core 'Origin' header was not set, which means CORS was not requested, skipping
DEBUG: 30/06/17 17:56:22 pid:7 module:core Settings CORS headers: MultiDict([])
DEBUG: 30/06/17 17:56:22 pid:7 module:core Request to '/' matches CORS resource '/*'. Using options: {'methods': 'DELETE, GET, HEAD, OPTIONS, PATCH, POST, PUT', 'resources': {'/*': {'origins': '*'}}, 'vary_header': True, 'allow_headers': ['.*'], 'automatic_options': True, 'supports_credentials': False, 'send_wildcard': False, 'intercept_exceptions': True, 'headers': ['Content-Type', 'X-Requested-With', 'Authorization'], 'origins': ['.*']}
DEBUG: 30/06/17 17:56:22 pid:7 module:core 'Origin' header was not set, which means CORS was not requested, skipping
DEBUG: 30/06/17 17:56:22 pid:7 module:core Settings CORS headers: MultiDict([])
INFO: 30/06/17 17:56:22 pid:7 module:_internal 172.17.0.1 - - [30/Jun/2017 17:56:22] "GET / HTTP/1.1" 404 -
DEBUG: 30/06/17 17:56:24 pid:7 module:core Request to '/' matches CORS resource '/*'. Using options: {'methods': 'DELETE, GET, HEAD, OPTIONS, PATCH, POST, PUT', 'resources': {'/*': {'origins': '*'}}, 'vary_header': True, 'allow_headers': ['.*'], 'automatic_options': True, 'supports_credentials': False, 'send_wildcard': False, 'intercept_exceptions': True, 'headers': ['Content-Type', 'X-Requested-With', 'Authorization'], 'origins': ['.*']}
DEBUG: 30/06/17 17:56:24 pid:7 module:core 'Origin' header was not set, which means CORS was not requested, skipping
DEBUG: 30/06/17 17:56:24 pid:7 module:core Settings CORS headers: MultiDict([])
DEBUG: 30/06/17 17:56:24 pid:7 module:core Request to '/' matches CORS resource '/*'. Using options: {'methods': 'DELETE, GET, HEAD, OPTIONS, PATCH, POST, PUT', 'resources': {'/*': {'origins': '*'}}, 'vary_header': True, 'allow_headers': ['.*'], 'automatic_options': True, 'supports_credentials': False, 'send_wildcard': False, 'intercept_exceptions': True, 'headers': ['Content-Type', 'X-Requested-With', 'Authorization'], 'origins': ['.*']}
DEBUG: 30/06/17 17:56:24 pid:7 module:core 'Origin' header was not set, which means CORS was not requested, skipping
DEBUG: 30/06/17 17:56:24 pid:7 module:core Settings CORS headers: MultiDict([])
INFO: 30/06/17 17:56:24 pid:7 module:_internal 172.17.0.1 - - [30/Jun/2017 17:56:24] "GET / HTTP/1.1" 404 -
DEBUG: 30/06/17 17:56:26 pid:7 module:core Request to '/' matches CORS resource '/*'. Using options: {'methods': 'DELETE, GET, HEAD, OPTIONS, PATCH, POST, PUT', 'resources': {'/*': {'origins': '*'}}, 'vary_header': True, 'allow_headers': ['.*'], 'automatic_options': True, 'supports_credentials': False, 'send_wildcard': False, 'intercept_exceptions': True, 'headers': ['Content-Type', 'X-Requested-With', 'Authorization'], 'origins': ['.*']}
DEBUG: 30/06/17 17:56:26 pid:7 module:core 'Origin' header was not set, which means CORS was not requested, skipping
DEBUG: 30/06/17 17:56:26 pid:7 module:core Settings CORS headers: MultiDict([])
DEBUG: 30/06/17 17:56:26 pid:7 module:core Request to '/' matches CORS resource '/*'. Using options: {'methods': 'DELETE, GET, HEAD, OPTIONS, PATCH, POST, PUT', 'resources': {'/*': {'origins': '*'}}, 'vary_header': True, 'allow_headers': ['.*'], 'automatic_options': True, 'supports_credentials': False, 'send_wildcard': False, 'intercept_exceptions': True, 'headers': ['Content-Type', 'X-Requested-With', 'Authorization'], 'origins': ['.*']}
DEBUG: 30/06/17 17:56:26 pid:7 module:core 'Origin' header was not set, which means CORS was not requested, skipping
DEBUG: 30/06/17 17:56:26 pid:7 module:core Settings CORS headers: MultiDict([])
INFO: 30/06/17 17:56:26 pid:7 module:_internal 172.17.0.1 - - [30/Jun/2017 17:56:26] "GET / HTTP/1.1" 404 -
DEBUG: 30/06/17 17:57:27 pid:7 module:core Request to '/' matches CORS resource '/*'. Using options: {'methods': 'DELETE, GET, HEAD, OPTIONS, PATCH, POST, PUT', 'resources': {'/*': {'origins': '*'}}, 'vary_header': True, 'allow_headers': ['.*'], 'automatic_options': True, 'supports_credentials': False, 'send_wildcard': False, 'intercept_exceptions': True, 'headers': ['Content-Type', 'X-Requested-With', 'Authorization'], 'origins': ['.*']}
DEBUG: 30/06/17 17:57:27 pid:7 module:core 'Origin' header was not set, which means CORS was not requested, skipping
DEBUG: 30/06/17 17:57:27 pid:7 module:core Settings CORS headers: MultiDict([])
DEBUG: 30/06/17 17:57:27 pid:7 module:core Request to '/' matches CORS resource '/*'. Using options: {'methods': 'DELETE, GET, HEAD, OPTIONS, PATCH, POST, PUT', 'resources': {'/*': {'origins': '*'}}, 'vary_header': True, 'allow_headers': ['.*'], 'automatic_options': True, 'supports_credentials': False, 'send_wildcard': False, 'intercept_exceptions': True, 'headers': ['Content-Type', 'X-Requested-With', 'Authorization'], 'origins': ['.*']}
DEBUG: 30/06/17 17:57:27 pid:7 module:core 'Origin' header was not set, which means CORS was not requested, skipping
DEBUG: 30/06/17 17:57:27 pid:7 module:core Settings CORS headers: MultiDict([])
INFO: 30/06/17 17:57:27 pid:7 module:_internal 172.17.0.1 - - [30/Jun/2017 17:57:27] "GET / HTTP/1.1" 404 -
DEBUG: 30/06/17 17:57:41 pid:7 module:core Request to '/oauth2-server/routes' matches CORS resource '/*'. Using options: {'methods': 'DELETE, GET, HEAD, OPTIONS, PATCH, POST, PUT', 'resources': {'/*': {'origins': '*'}}, 'vary_header': True, 'allow_headers': ['.*'], 'automatic_options': True, 'supports_credentials': False, 'send_wildcard': False, 'intercept_exceptions': True, 'headers': ['Content-Type', 'X-Requested-With', 'Authorization'], 'origins': ['.*']}
DEBUG: 30/06/17 17:57:41 pid:7 module:core 'Origin' header was not set, which means CORS was not requested, skipping
DEBUG: 30/06/17 17:57:41 pid:7 module:core Settings CORS headers: MultiDict([])
INFO: 30/06/17 17:57:41 pid:7 module:_internal 172.17.0.1 - - [30/Jun/2017 17:57:41] "GET /oauth2-server/routes HTTP/1.1" 200 -
INFO: 30/06/17 18:02:21 pid:1 module:extension Configuring CORS with resources: {'/*': {'vary_header': True, 'allow_headers': ['.*'], 'intercept_exceptions': True, 'automatic_options': True, 'supports_credentials': False, 'resources': {'/*': {'origins': '*'}}, 'send_wildcard': False, 'headers': ['Content-Type', 'X-Requested-With', 'Authorization'], 'methods': 'DELETE, GET, HEAD, OPTIONS, PATCH, POST, PUT', 'origins': ['.*']}}
INFO: 30/06/17 18:02:21 pid:1 module:_internal  * Running on http://0.0.0.0:5000/ (Press CTRL+C to quit)
INFO: 30/06/17 18:02:21 pid:1 module:_internal  * Restarting with stat
INFO: 30/06/17 18:02:24 pid:7 module:extension Configuring CORS with resources: {'/*': {'supports_credentials': False, 'headers': ['Content-Type', 'X-Requested-With', 'Authorization'], 'automatic_options': True, 'resources': {'/*': {'origins': '*'}}, 'intercept_exceptions': True, 'origins': ['.*'], 'send_wildcard': False, 'allow_headers': ['.*'], 'vary_header': True, 'methods': 'DELETE, GET, HEAD, OPTIONS, PATCH, POST, PUT'}}
DEBUG: 30/06/17 18:02:25 pid:7 module:core Request to '/oauth2-server/routes' matches CORS resource '/*'. Using options: {'supports_credentials': False, 'headers': ['Content-Type', 'X-Requested-With', 'Authorization'], 'automatic_options': True, 'resources': {'/*': {'origins': '*'}}, 'intercept_exceptions': True, 'origins': ['.*'], 'send_wildcard': False, 'allow_headers': ['.*'], 'vary_header': True, 'methods': 'DELETE, GET, HEAD, OPTIONS, PATCH, POST, PUT'}
DEBUG: 30/06/17 18:02:25 pid:7 module:core 'Origin' header was not set, which means CORS was not requested, skipping
DEBUG: 30/06/17 18:02:25 pid:7 module:core Settings CORS headers: MultiDict([])
INFO: 30/06/17 18:02:25 pid:7 module:_internal 172.17.0.1 - - [30/Jun/2017 18:02:25] "GET /oauth2-server/routes HTTP/1.1" 200 -
DEBUG: 30/06/17 18:02:25 pid:7 module:core Request to '/oauth2-server/routes' matches CORS resource '/*'. Using options: {'supports_credentials': False, 'headers': ['Content-Type', 'X-Requested-With', 'Authorization'], 'automatic_options': True, 'resources': {'/*': {'origins': '*'}}, 'intercept_exceptions': True, 'origins': ['.*'], 'send_wildcard': False, 'allow_headers': ['.*'], 'vary_header': True, 'methods': 'DELETE, GET, HEAD, OPTIONS, PATCH, POST, PUT'}
DEBUG: 30/06/17 18:02:25 pid:7 module:core 'Origin' header was not set, which means CORS was not requested, skipping
DEBUG: 30/06/17 18:02:25 pid:7 module:core Settings CORS headers: MultiDict([])
INFO: 30/06/17 18:02:25 pid:7 module:_internal 172.17.0.1 - - [30/Jun/2017 18:02:25] "GET /oauth2-server/routes HTTP/1.1" 200 -
INFO: 30/06/17 18:04:53 pid:7 module:_internal  * Detected change in '/mnt/src/config.py', reloading
INFO: 30/06/17 18:04:54 pid:1 module:_internal  * Restarting with stat
INFO: 30/06/17 18:04:56 pid:10 module:extension Configuring CORS with resources: {'/*': {'automatic_options': True, 'supports_credentials': False, 'vary_header': True, 'send_wildcard': False, 'headers': ['Content-Type', 'X-Requested-With', 'Authorization'], 'allow_headers': ['.*'], 'intercept_exceptions': True, 'resources': {'/*': {'origins': '*'}}, 'methods': 'DELETE, GET, HEAD, OPTIONS, PATCH, POST, PUT', 'origins': ['.*']}}
INFO: 30/06/17 18:05:22 pid:1 module:extension Configuring CORS with resources: {'/*': {'resources': {'/*': {'origins': '*'}}, 'vary_header': True, 'supports_credentials': False, 'automatic_options': True, 'send_wildcard': False, 'methods': 'DELETE, GET, HEAD, OPTIONS, PATCH, POST, PUT', 'headers': ['Content-Type', 'X-Requested-With', 'Authorization'], 'origins': ['.*'], 'intercept_exceptions': True, 'allow_headers': ['.*']}}
INFO: 30/06/17 18:05:22 pid:1 module:_internal  * Running on http://0.0.0.0:5000/ (Press CTRL+C to quit)
INFO: 30/06/17 18:05:22 pid:1 module:_internal  * Restarting with stat
INFO: 30/06/17 18:05:25 pid:6 module:extension Configuring CORS with resources: {'/*': {'automatic_options': True, 'origins': ['.*'], 'send_wildcard': False, 'methods': 'DELETE, GET, HEAD, OPTIONS, PATCH, POST, PUT', 'resources': {'/*': {'origins': '*'}}, 'vary_header': True, 'headers': ['Content-Type', 'X-Requested-With', 'Authorization'], 'intercept_exceptions': True, 'allow_headers': ['.*'], 'supports_credentials': False}}
DEBUG: 30/06/17 18:05:26 pid:6 module:core Request to '/oauth2-server/routes' matches CORS resource '/*'. Using options: {'automatic_options': True, 'origins': ['.*'], 'send_wildcard': False, 'methods': 'DELETE, GET, HEAD, OPTIONS, PATCH, POST, PUT', 'resources': {'/*': {'origins': '*'}}, 'vary_header': True, 'headers': ['Content-Type', 'X-Requested-With', 'Authorization'], 'intercept_exceptions': True, 'allow_headers': ['.*'], 'supports_credentials': False}
DEBUG: 30/06/17 18:05:26 pid:6 module:core 'Origin' header was not set, which means CORS was not requested, skipping
DEBUG: 30/06/17 18:05:26 pid:6 module:core Settings CORS headers: MultiDict([])
INFO: 30/06/17 18:05:26 pid:6 module:_internal 172.17.0.1 - - [30/Jun/2017 18:05:26] "GET /oauth2-server/routes HTTP/1.1" 200 -
